---------------------------------------------------------------
[ 2018-06-27T00:06:43+08:00 ] 127.0.0.1 GET www.shopping.com/index/usera/user_index
[运行时间：0.040000s] [吞吐率：25.00req/s] [内存消耗：1,529.25kb] [文件加载：69]
[ info ] [ LANG ] D:\phpServer\wwwroot\default\yiyicheng\thinkphp\lang\zh-cn.php
[ info ] [ ROUTE ] array (
)
[ info ] [ HEADER ] array (
  'cookie' => 'PHPSESSID=8ecqrt1q2uamsfnud8tdvbmi7m',
  'accept-language' => 'zh-CN,zh;q=0.9',
  'accept-encoding' => 'gzip, deflate',
  'referer' => 'http://www.shopping.com/index/index/index',
  'accept' => 'text/html,application/xhtml+xml,application/xml;q=0.9,image/webp,image/apng,*/*;q=0.8',
  'user-agent' => 'Mozilla/5.0 (Windows NT 6.1; WOW64) AppleWebKit/537.36 (KHTML, like Gecko) Chrome/66.0.3359.139 Safari/537.36',
  'upgrade-insecure-requests' => '1',
  'connection' => 'keep-alive',
  'host' => 'www.shopping.com',
  'content-length' => '',
  'content-type' => '',
)
[ info ] [ PARAM ] array (
)
[ info ] [ VIEW ] D:\phpServer\wwwroot\default\yiyicheng\application\index\view\usera\user_index.html [ array (
  0 => 'bades',
) ]
---------------------------------------------------------------
[ 2018-06-27T00:07:45+08:00 ] 127.0.0.1 GET www.shopping.com/index/usera/touser_stutes
[运行时间：0.032000s] [吞吐率：31.25req/s] [内存消耗：1,530.38kb] [文件加载：69]
[ info ] [ LANG ] D:\phpServer\wwwroot\default\yiyicheng\thinkphp\lang\zh-cn.php
[ info ] [ ROUTE ] array (
)
[ info ] [ HEADER ] array (
  'cookie' => 'PHPSESSID=8ecqrt1q2uamsfnud8tdvbmi7m',
  'accept-language' => 'zh-CN,zh;q=0.9',
  'accept-encoding' => 'gzip, deflate',
  'referer' => 'http://www.shopping.com/index/usera/user_index',
  'accept' => 'text/html,application/xhtml+xml,application/xml;q=0.9,image/webp,image/apng,*/*;q=0.8',
  'user-agent' => 'Mozilla/5.0 (Windows NT 6.1; WOW64) AppleWebKit/537.36 (KHTML, like Gecko) Chrome/66.0.3359.139 Safari/537.36',
  'upgrade-insecure-requests' => '1',
  'connection' => 'keep-alive',
  'host' => 'www.shopping.com',
  'content-length' => '',
  'content-type' => '',
)
[ info ] [ PARAM ] array (
)
[ info ] [ VIEW ] D:\phpServer\wwwroot\default\yiyicheng\application\index\view\usera\user_stutes.html [ array (
) ]
---------------------------------------------------------------
[ 2018-06-27T09:00:20+08:00 ] 127.0.0.1 GET www.shopping.com/
[运行时间：0.164000s] [吞吐率：6.10req/s] [内存消耗：2,622.77kb] [文件加载：77]
[ info ] [ LANG ] D:\phpServer\wwwroot\default\yiyicheng\thinkphp\lang\zh-cn.php
[ info ] [ ROUTE ] array (
)
[ info ] [ HEADER ] array (
  'accept-language' => 'zh-CN,zh;q=0.9',
  'accept-encoding' => 'gzip, deflate',
  'accept' => 'text/html,application/xhtml+xml,application/xml;q=0.9,image/webp,image/apng,*/*;q=0.8',
  'user-agent' => 'Mozilla/5.0 (Windows NT 6.1; WOW64) AppleWebKit/537.36 (KHTML, like Gecko) Chrome/66.0.3359.139 Safari/537.36',
  'upgrade-insecure-requests' => '1',
  'connection' => 'keep-alive',
  'host' => 'www.shopping.com',
  'content-length' => '',
  'content-type' => '',
)
[ info ] [ PARAM ] array (
)
[ info ] [ DB ] INIT mysql
[ info ] [ VIEW ] D:\phpServer\wwwroot\default\yiyicheng\application\index\view\index\index.html [ array (
  0 => 'header',
  1 => 'two',
  2 => 'one',
  3 => 'three',
  4 => 'fouraa',
  5 => 'five',
  6 => 'six',
  7 => 'bades',
) ]
[ sql ] [ DB ] CONNECT:[ UseTime:0.007000s ] mysql:host=127.0.0.1;port=3306;dbname=shopping;charset=utf8
[ sql ] [ SQL ] SHOW COLUMNS FROM `category` [ RunTime:0.034000s ]
[ sql ] [ SQL ] SELECT * FROM `category` [ RunTime:0.000000s ]
[ sql ] [ SQL ] SHOW COLUMNS FROM `goods` [ RunTime:0.034000s ]
[ sql ] [ SQL ] SELECT * FROM `goods` INNER JOIN `category` ON `goods`.`class_id`=2 [ RunTime:0.001000s ]
[ sql ] [ SQL ] SELECT * FROM `goods` INNER JOIN `category` ON `goods`.`class_id`=1 [ RunTime:0.001000s ]
[ sql ] [ SQL ] SELECT * FROM `goods` INNER JOIN `category` ON `goods`.`class_id`=6 [ RunTime:0.001000s ]
[ sql ] [ SQL ] SELECT * FROM `goods` INNER JOIN `category` ON `goods`.`class_id`=7 [ RunTime:0.001000s ]
[ sql ] [ SQL ] SELECT * FROM `goods` INNER JOIN `category` ON `goods`.`class_id`=3 [ RunTime:0.002000s ]
[ sql ] [ SQL ] SELECT * FROM `goods` INNER JOIN `category` ON `goods`.`class_id`=5 [ RunTime:0.001000s ]
---------------------------------------------------------------
[ 2018-06-27T09:00:21+08:00 ] 127.0.0.1 GET www.shopping.com/food_1.jpg
[运行时间：0.017000s] [吞吐率：58.82req/s] [内存消耗：926.36kb] [文件加载：50]
[ info ] [ LANG ] D:\phpServer\wwwroot\default\yiyicheng\thinkphp\lang\zh-cn.php
---------------------------------------------------------------
[ 2018-06-27T09:00:21+08:00 ] 127.0.0.1 GET www.shopping.com/food_2.jpg
[运行时间：0.020000s] [吞吐率：50.00req/s] [内存消耗：926.36kb] [文件加载：50]
[ info ] [ LANG ] D:\phpServer\wwwroot\default\yiyicheng\thinkphp\lang\zh-cn.php
---------------------------------------------------------------
[ 2018-06-27T09:00:21+08:00 ] 127.0.0.1 GET www.shopping.com/food_3.jpg
[运行时间：0.020000s] [吞吐率：50.00req/s] [内存消耗：926.36kb] [文件加载：50]
[ info ] [ LANG ] D:\phpServer\wwwroot\default\yiyicheng\thinkphp\lang\zh-cn.php
---------------------------------------------------------------
[ 2018-06-27T09:00:21+08:00 ] 127.0.0.1 GET www.shopping.com/food_4.jpg
[运行时间：0.019000s] [吞吐率：52.63req/s] [内存消耗：926.36kb] [文件加载：50]
[ info ] [ LANG ] D:\phpServer\wwwroot\default\yiyicheng\thinkphp\lang\zh-cn.php
---------------------------------------------------------------
[ 2018-06-27T09:00:21+08:00 ] 127.0.0.1 GET www.shopping.com/food_5.jpg
[运行时间：0.018000s] [吞吐率：55.56req/s] [内存消耗：926.36kb] [文件加载：50]
[ info ] [ LANG ] D:\phpServer\wwwroot\default\yiyicheng\thinkphp\lang\zh-cn.php
---------------------------------------------------------------
[ 2018-06-27T09:00:21+08:00 ] 127.0.0.1 GET www.shopping.com/food_6.jpg
[运行时间：0.016000s] [吞吐率：62.50req/s] [内存消耗：926.36kb] [文件加载：50]
[ info ] [ LANG ] D:\phpServer\wwwroot\default\yiyicheng\thinkphp\lang\zh-cn.php
---------------------------------------------------------------
[ 2018-06-27T09:00:21+08:00 ] 127.0.0.1 GET www.shopping.com/fre_1.jpg
[运行时间：0.017000s] [吞吐率：58.82req/s] [内存消耗：926.36kb] [文件加载：50]
[ info ] [ LANG ] D:\phpServer\wwwroot\default\yiyicheng\thinkphp\lang\zh-cn.php
---------------------------------------------------------------
[ 2018-06-27T09:00:21+08:00 ] 127.0.0.1 GET www.shopping.com/fre_2.jpg
[运行时间：0.023000s] [吞吐率：43.48req/s] [内存消耗：926.36kb] [文件加载：50]
[ info ] [ LANG ] D:\phpServer\wwwroot\default\yiyicheng\thinkphp\lang\zh-cn.php
---------------------------------------------------------------
[ 2018-06-27T09:00:21+08:00 ] 127.0.0.1 GET www.shopping.com/fre_3.jpg
[运行时间：0.023000s] [吞吐率：43.48req/s] [内存消耗：926.36kb] [文件加载：50]
[ info ] [ LANG ] D:\phpServer\wwwroot\default\yiyicheng\thinkphp\lang\zh-cn.php
---------------------------------------------------------------
[ 2018-06-27T09:00:21+08:00 ] 127.0.0.1 GET www.shopping.com/fre_4.jpg
[运行时间：0.027000s] [吞吐率：37.04req/s] [内存消耗：926.36kb] [文件加载：50]
[ info ] [ LANG ] D:\phpServer\wwwroot\default\yiyicheng\thinkphp\lang\zh-cn.php
---------------------------------------------------------------
[ 2018-06-27T09:00:21+08:00 ] 127.0.0.1 GET www.shopping.com/fre_5.jpg
[运行时间：0.016000s] [吞吐率：62.50req/s] [内存消耗：926.36kb] [文件加载：50]
[ info ] [ LANG ] D:\phpServer\wwwroot\default\yiyicheng\thinkphp\lang\zh-cn.php
---------------------------------------------------------------
[ 2018-06-27T09:00:21+08:00 ] 127.0.0.1 GET www.shopping.com/fre_6.jpg
[运行时间：0.022000s] [吞吐率：45.45req/s] [内存消耗：926.36kb] [文件加载：50]
[ info ] [ LANG ] D:\phpServer\wwwroot\default\yiyicheng\thinkphp\lang\zh-cn.php
---------------------------------------------------------------
[ 2018-06-27T09:00:21+08:00 ] 127.0.0.1 GET www.shopping.com/make_1.jpg
[运行时间：0.021000s] [吞吐率：47.62req/s] [内存消耗：926.36kb] [文件加载：50]
[ info ] [ LANG ] D:\phpServer\wwwroot\default\yiyicheng\thinkphp\lang\zh-cn.php
---------------------------------------------------------------
[ 2018-06-27T09:00:21+08:00 ] 127.0.0.1 GET www.shopping.com/make_2.jpg
[运行时间：0.018000s] [吞吐率：55.56req/s] [内存消耗：926.36kb] [文件加载：50]
[ info ] [ LANG ] D:\phpServer\wwwroot\default\yiyicheng\thinkphp\lang\zh-cn.php
---------------------------------------------------------------
[ 2018-06-27T09:00:21+08:00 ] 127.0.0.1 GET www.shopping.com/make_3.jpg
[运行时间：0.021000s] [吞吐率：47.62req/s] [内存消耗：926.36kb] [文件加载：50]
[ info ] [ LANG ] D:\phpServer\wwwroot\default\yiyicheng\thinkphp\lang\zh-cn.php
---------------------------------------------------------------
[ 2018-06-27T09:00:21+08:00 ] 127.0.0.1 GET www.shopping.com/make_4.jpg
[运行时间：0.019000s] [吞吐率：52.63req/s] [内存消耗：926.36kb] [文件加载：50]
[ info ] [ LANG ] D:\phpServer\wwwroot\default\yiyicheng\thinkphp\lang\zh-cn.php
---------------------------------------------------------------
[ 2018-06-27T09:00:21+08:00 ] 127.0.0.1 GET www.shopping.com/make_5.jpg
[运行时间：0.022000s] [吞吐率：45.45req/s] [内存消耗：926.36kb] [文件加载：50]
[ info ] [ LANG ] D:\phpServer\wwwroot\default\yiyicheng\thinkphp\lang\zh-cn.php
---------------------------------------------------------------
[ 2018-06-27T09:00:21+08:00 ] 127.0.0.1 GET www.shopping.com/make_6.jpg
[运行时间：0.017000s] [吞吐率：58.82req/s] [内存消耗：926.36kb] [文件加载：50]
[ info ] [ LANG ] D:\phpServer\wwwroot\default\yiyicheng\thinkphp\lang\zh-cn.php
---------------------------------------------------------------
[ 2018-06-27T09:00:21+08:00 ] 127.0.0.1 GET www.shopping.com/home_1.jpg
[运行时间：0.016000s] [吞吐率：62.50req/s] [内存消耗：926.36kb] [文件加载：50]
[ info ] [ LANG ] D:\phpServer\wwwroot\default\yiyicheng\thinkphp\lang\zh-cn.php
---------------------------------------------------------------
[ 2018-06-27T09:00:21+08:00 ] 127.0.0.1 GET www.shopping.com/home_2.jpg
[运行时间：0.017000s] [吞吐率：58.82req/s] [内存消耗：926.36kb] [文件加载：50]
[ info ] [ LANG ] D:\phpServer\wwwroot\default\yiyicheng\thinkphp\lang\zh-cn.php
---------------------------------------------------------------
[ 2018-06-27T09:00:21+08:00 ] 127.0.0.1 GET www.shopping.com/home_3.jpg
[运行时间：0.016000s] [吞吐率：62.50req/s] [内存消耗：926.36kb] [文件加载：50]
[ info ] [ LANG ] D:\phpServer\wwwroot\default\yiyicheng\thinkphp\lang\zh-cn.php
---------------------------------------------------------------
[ 2018-06-27T09:00:21+08:00 ] 127.0.0.1 GET www.shopping.com/home_4.jpg
[运行时间：0.018000s] [吞吐率：55.56req/s] [内存消耗：926.36kb] [文件加载：50]
[ info ] [ LANG ] D:\phpServer\wwwroot\default\yiyicheng\thinkphp\lang\zh-cn.php
---------------------------------------------------------------
[ 2018-06-27T09:00:21+08:00 ] 127.0.0.1 GET www.shopping.com/home_5.jpg
[运行时间：0.020000s] [吞吐率：50.00req/s] [内存消耗：926.36kb] [文件加载：50]
[ info ] [ LANG ] D:\phpServer\wwwroot\default\yiyicheng\thinkphp\lang\zh-cn.php
---------------------------------------------------------------
[ 2018-06-27T09:00:22+08:00 ] 127.0.0.1 GET www.shopping.com/home_6.jpg
[运行时间：0.016000s] [吞吐率：62.50req/s] [内存消耗：926.36kb] [文件加载：50]
[ info ] [ LANG ] D:\phpServer\wwwroot\default\yiyicheng\thinkphp\lang\zh-cn.php
---------------------------------------------------------------
[ 2018-06-27T09:00:22+08:00 ] 127.0.0.1 GET www.shopping.com/tel_1.jpg
[运行时间：0.016000s] [吞吐率：62.50req/s] [内存消耗：926.36kb] [文件加载：50]
[ info ] [ LANG ] D:\phpServer\wwwroot\default\yiyicheng\thinkphp\lang\zh-cn.php
---------------------------------------------------------------
[ 2018-06-27T09:00:22+08:00 ] 127.0.0.1 GET www.shopping.com/tel_2.jpg
[运行时间：0.016000s] [吞吐率：62.50req/s] [内存消耗：926.36kb] [文件加载：50]
[ info ] [ LANG ] D:\phpServer\wwwroot\default\yiyicheng\thinkphp\lang\zh-cn.php
---------------------------------------------------------------
[ 2018-06-27T09:00:22+08:00 ] 127.0.0.1 GET www.shopping.com/tel_3.jpg
[运行时间：0.024000s] [吞吐率：41.67req/s] [内存消耗：926.36kb] [文件加载：50]
[ info ] [ LANG ] D:\phpServer\wwwroot\default\yiyicheng\thinkphp\lang\zh-cn.php
---------------------------------------------------------------
[ 2018-06-27T09:00:22+08:00 ] 127.0.0.1 GET www.shopping.com/tel_4.jpg
[运行时间：0.015000s] [吞吐率：66.67req/s] [内存消耗：926.36kb] [文件加载：50]
[ info ] [ LANG ] D:\phpServer\wwwroot\default\yiyicheng\thinkphp\lang\zh-cn.php
---------------------------------------------------------------
[ 2018-06-27T09:00:22+08:00 ] 127.0.0.1 GET www.shopping.com/tel_5.jpg
[运行时间：0.016000s] [吞吐率：62.50req/s] [内存消耗：926.36kb] [文件加载：50]
[ info ] [ LANG ] D:\phpServer\wwwroot\default\yiyicheng\thinkphp\lang\zh-cn.php
---------------------------------------------------------------
[ 2018-06-27T09:00:22+08:00 ] 127.0.0.1 GET www.shopping.com/tel_6.jpg
[运行时间：0.016000s] [吞吐率：62.50req/s] [内存消耗：926.36kb] [文件加载：50]
[ info ] [ LANG ] D:\phpServer\wwwroot\default\yiyicheng\thinkphp\lang\zh-cn.php
---------------------------------------------------------------
[ 2018-06-27T09:00:22+08:00 ] 127.0.0.1 GET www.shopping.com/front/images/line.gif
[运行时间：0.016000s] [吞吐率：62.50req/s] [内存消耗：926.37kb] [文件加载：50]
[ info ] [ LANG ] D:\phpServer\wwwroot\default\yiyicheng\thinkphp\lang\zh-cn.php
---------------------------------------------------------------
[ 2018-06-27T09:08:05+08:00 ] 127.0.0.1 GET www.shopping.com/
[运行时间：0.249000s] [吞吐率：4.02req/s] [内存消耗：2,622.91kb] [文件加载：77]
[ info ] [ LANG ] D:\phpServer\wwwroot\default\yiyicheng\thinkphp\lang\zh-cn.php
[ info ] [ ROUTE ] array (
)
[ info ] [ HEADER ] array (
  'cookie' => 'PHPSESSID=pfgr9nj4pj3md8o87e54nce8fd',
  'accept-language' => 'zh-CN,zh;q=0.9',
  'accept-encoding' => 'gzip, deflate',
  'accept' => 'text/html,application/xhtml+xml,application/xml;q=0.9,image/webp,image/apng,*/*;q=0.8',
  'user-agent' => 'Mozilla/5.0 (Windows NT 6.1; WOW64) AppleWebKit/537.36 (KHTML, like Gecko) Chrome/66.0.3359.139 Safari/537.36',
  'upgrade-insecure-requests' => '1',
  'cache-control' => 'max-age=0',
  'connection' => 'keep-alive',
  'host' => 'www.shopping.com',
  'content-length' => '',
  'content-type' => '',
)
[ info ] [ PARAM ] array (
)
[ info ] [ DB ] INIT mysql
[ info ] [ VIEW ] D:\phpServer\wwwroot\default\yiyicheng\application\index\view\index\index.html [ array (
  0 => 'header',
  1 => 'two',
  2 => 'one',
  3 => 'three',
  4 => 'fouraa',
  5 => 'five',
  6 => 'six',
  7 => 'bades',
) ]
[ sql ] [ DB ] CONNECT:[ UseTime:0.001000s ] mysql:host=127.0.0.1;port=3306;dbname=shopping;charset=utf8
[ sql ] [ SQL ] SHOW COLUMNS FROM `category` [ RunTime:0.008000s ]
[ sql ] [ SQL ] SELECT * FROM `category` [ RunTime:0.001000s ]
[ sql ] [ SQL ] SHOW COLUMNS FROM `goods` [ RunTime:0.007000s ]
[ sql ] [ SQL ] SELECT * FROM `goods` INNER JOIN `category` ON `goods`.`class_id`=2 [ RunTime:0.001000s ]
[ sql ] [ SQL ] SELECT * FROM `goods` INNER JOIN `category` ON `goods`.`class_id`=1 [ RunTime:0.001000s ]
[ sql ] [ SQL ] SELECT * FROM `goods` INNER JOIN `category` ON `goods`.`class_id`=6 [ RunTime:0.000000s ]
[ sql ] [ SQL ] SELECT * FROM `goods` INNER JOIN `category` ON `goods`.`class_id`=7 [ RunTime:0.000000s ]
[ sql ] [ SQL ] SELECT * FROM `goods` INNER JOIN `category` ON `goods`.`class_id`=3 [ RunTime:0.001000s ]
[ sql ] [ SQL ] SELECT * FROM `goods` INNER JOIN `category` ON `goods`.`class_id`=5 [ RunTime:0.001000s ]
---------------------------------------------------------------
[ 2018-06-27T09:08:05+08:00 ] 127.0.0.1 GET www.shopping.com/food_1.jpg
[运行时间：0.036000s] [吞吐率：27.78req/s] [内存消耗：926.36kb] [文件加载：50]
[ info ] [ LANG ] D:\phpServer\wwwroot\default\yiyicheng\thinkphp\lang\zh-cn.php
---------------------------------------------------------------
[ 2018-06-27T09:08:05+08:00 ] 127.0.0.1 GET www.shopping.com/food_2.jpg
[运行时间：0.025000s] [吞吐率：40.00req/s] [内存消耗：926.36kb] [文件加载：50]
[ info ] [ LANG ] D:\phpServer\wwwroot\default\yiyicheng\thinkphp\lang\zh-cn.php
---------------------------------------------------------------
[ 2018-06-27T09:08:05+08:00 ] 127.0.0.1 GET www.shopping.com/food_3.jpg
[运行时间：0.038000s] [吞吐率：26.32req/s] [内存消耗：926.36kb] [文件加载：50]
[ info ] [ LANG ] D:\phpServer\wwwroot\default\yiyicheng\thinkphp\lang\zh-cn.php
---------------------------------------------------------------
[ 2018-06-27T09:08:05+08:00 ] 127.0.0.1 GET www.shopping.com/food_4.jpg
[运行时间：0.023000s] [吞吐率：43.48req/s] [内存消耗：926.36kb] [文件加载：50]
[ info ] [ LANG ] D:\phpServer\wwwroot\default\yiyicheng\thinkphp\lang\zh-cn.php
---------------------------------------------------------------
[ 2018-06-27T09:08:05+08:00 ] 127.0.0.1 GET www.shopping.com/food_5.jpg
[运行时间：0.017000s] [吞吐率：58.82req/s] [内存消耗：926.36kb] [文件加载：50]
[ info ] [ LANG ] D:\phpServer\wwwroot\default\yiyicheng\thinkphp\lang\zh-cn.php
---------------------------------------------------------------
[ 2018-06-27T09:08:05+08:00 ] 127.0.0.1 GET www.shopping.com/food_6.jpg
[运行时间：0.017000s] [吞吐率：58.82req/s] [内存消耗：926.36kb] [文件加载：50]
[ info ] [ LANG ] D:\phpServer\wwwroot\default\yiyicheng\thinkphp\lang\zh-cn.php
---------------------------------------------------------------
[ 2018-06-27T09:08:05+08:00 ] 127.0.0.1 GET www.shopping.com/fre_1.jpg
[运行时间：0.017000s] [吞吐率：58.82req/s] [内存消耗：926.36kb] [文件加载：50]
[ info ] [ LANG ] D:\phpServer\wwwroot\default\yiyicheng\thinkphp\lang\zh-cn.php
---------------------------------------------------------------
[ 2018-06-27T09:08:05+08:00 ] 127.0.0.1 GET www.shopping.com/fre_2.jpg
[运行时间：0.018000s] [吞吐率：55.56req/s] [内存消耗：926.36kb] [文件加载：50]
[ info ] [ LANG ] D:\phpServer\wwwroot\default\yiyicheng\thinkphp\lang\zh-cn.php
---------------------------------------------------------------
[ 2018-06-27T09:08:05+08:00 ] 127.0.0.1 GET www.shopping.com/fre_3.jpg
[运行时间：0.019000s] [吞吐率：52.63req/s] [内存消耗：926.36kb] [文件加载：50]
[ info ] [ LANG ] D:\phpServer\wwwroot\default\yiyicheng\thinkphp\lang\zh-cn.php
---------------------------------------------------------------
[ 2018-06-27T09:08:05+08:00 ] 127.0.0.1 GET www.shopping.com/fre_4.jpg
[运行时间：0.017000s] [吞吐率：58.82req/s] [内存消耗：926.36kb] [文件加载：50]
[ info ] [ LANG ] D:\phpServer\wwwroot\default\yiyicheng\thinkphp\lang\zh-cn.php
---------------------------------------------------------------
[ 2018-06-27T09:08:05+08:00 ] 127.0.0.1 GET www.shopping.com/fre_5.jpg
[运行时间：0.023000s] [吞吐率：43.48req/s] [内存消耗：926.36kb] [文件加载：50]
[ info ] [ LANG ] D:\phpServer\wwwroot\default\yiyicheng\thinkphp\lang\zh-cn.php
---------------------------------------------------------------
[ 2018-06-27T09:08:05+08:00 ] 127.0.0.1 GET www.shopping.com/front/images/line.gif
[运行时间：0.022000s] [吞吐率：45.45req/s] [内存消耗：926.37kb] [文件加载：50]
[ info ] [ LANG ] D:\phpServer\wwwroot\default\yiyicheng\thinkphp\lang\zh-cn.php
---------------------------------------------------------------
[ 2018-06-27T09:08:05+08:00 ] 127.0.0.1 GET www.shopping.com/fre_6.jpg
[运行时间：0.019000s] [吞吐率：52.63req/s] [内存消耗：926.36kb] [文件加载：50]
[ info ] [ LANG ] D:\phpServer\wwwroot\default\yiyicheng\thinkphp\lang\zh-cn.php
---------------------------------------------------------------
[ 2018-06-27T09:08:05+08:00 ] 127.0.0.1 GET www.shopping.com/make_1.jpg
[运行时间：0.016000s] [吞吐率：62.50req/s] [内存消耗：926.36kb] [文件加载：50]
[ info ] [ LANG ] D:\phpServer\wwwroot\default\yiyicheng\thinkphp\lang\zh-cn.php
---------------------------------------------------------------
[ 2018-06-27T09:08:05+08:00 ] 127.0.0.1 GET www.shopping.com/make_2.jpg
[运行时间：0.016000s] [吞吐率：62.50req/s] [内存消耗：926.36kb] [文件加载：50]
[ info ] [ LANG ] D:\phpServer\wwwroot\default\yiyicheng\thinkphp\lang\zh-cn.php
---------------------------------------------------------------
[ 2018-06-27T09:08:05+08:00 ] 127.0.0.1 GET www.shopping.com/make_3.jpg
[运行时间：0.016000s] [吞吐率：62.50req/s] [内存消耗：926.36kb] [文件加载：50]
[ info ] [ LANG ] D:\phpServer\wwwroot\default\yiyicheng\thinkphp\lang\zh-cn.php
---------------------------------------------------------------
[ 2018-06-27T09:08:05+08:00 ] 127.0.0.1 GET www.shopping.com/make_4.jpg
[运行时间：0.017000s] [吞吐率：58.82req/s] [内存消耗：926.36kb] [文件加载：50]
[ info ] [ LANG ] D:\phpServer\wwwroot\default\yiyicheng\thinkphp\lang\zh-cn.php
---------------------------------------------------------------
[ 2018-06-27T09:08:05+08:00 ] 127.0.0.1 GET www.shopping.com/make_5.jpg
[运行时间：0.018000s] [吞吐率：55.56req/s] [内存消耗：926.36kb] [文件加载：50]
[ info ] [ LANG ] D:\phpServer\wwwroot\default\yiyicheng\thinkphp\lang\zh-cn.php
---------------------------------------------------------------
[ 2018-06-27T09:08:05+08:00 ] 127.0.0.1 GET www.shopping.com/make_6.jpg
[运行时间：0.019000s] [吞吐率：52.63req/s] [内存消耗：926.36kb] [文件加载：50]
[ info ] [ LANG ] D:\phpServer\wwwroot\default\yiyicheng\thinkphp\lang\zh-cn.php
---------------------------------------------------------------
[ 2018-06-27T09:08:05+08:00 ] 127.0.0.1 GET www.shopping.com/home_1.jpg
[运行时间：0.017000s] [吞吐率：58.82req/s] [内存消耗：926.36kb] [文件加载：50]
[ info ] [ LANG ] D:\phpServer\wwwroot\default\yiyicheng\thinkphp\lang\zh-cn.php
---------------------------------------------------------------
[ 2018-06-27T09:08:05+08:00 ] 127.0.0.1 GET www.shopping.com/home_2.jpg
[运行时间：0.016000s] [吞吐率：62.50req/s] [内存消耗：926.36kb] [文件加载：50]
[ info ] [ LANG ] D:\phpServer\wwwroot\default\yiyicheng\thinkphp\lang\zh-cn.php
---------------------------------------------------------------
[ 2018-06-27T09:08:05+08:00 ] 127.0.0.1 GET www.shopping.com/home_3.jpg
[运行时间：0.016000s] [吞吐率：62.50req/s] [内存消耗：926.36kb] [文件加载：50]
[ info ] [ LANG ] D:\phpServer\wwwroot\default\yiyicheng\thinkphp\lang\zh-cn.php
---------------------------------------------------------------
[ 2018-06-27T09:08:05+08:00 ] 127.0.0.1 GET www.shopping.com/home_4.jpg
[运行时间：0.018000s] [吞吐率：55.56req/s] [内存消耗：926.36kb] [文件加载：50]
[ info ] [ LANG ] D:\phpServer\wwwroot\default\yiyicheng\thinkphp\lang\zh-cn.php
---------------------------------------------------------------
[ 2018-06-27T09:08:05+08:00 ] 127.0.0.1 GET www.shopping.com/home_5.jpg
[运行时间：0.019000s] [吞吐率：52.63req/s] [内存消耗：926.36kb] [文件加载：50]
[ info ] [ LANG ] D:\phpServer\wwwroot\default\yiyicheng\thinkphp\lang\zh-cn.php
---------------------------------------------------------------
[ 2018-06-27T09:08:05+08:00 ] 127.0.0.1 GET www.shopping.com/home_6.jpg
[运行时间：0.017000s] [吞吐率：58.82req/s] [内存消耗：926.36kb] [文件加载：50]
[ info ] [ LANG ] D:\phpServer\wwwroot\default\yiyicheng\thinkphp\lang\zh-cn.php
---------------------------------------------------------------
[ 2018-06-27T09:08:05+08:00 ] 127.0.0.1 GET www.shopping.com/tel_1.jpg
[运行时间：0.016000s] [吞吐率：62.50req/s] [内存消耗：926.36kb] [文件加载：50]
[ info ] [ LANG ] D:\phpServer\wwwroot\default\yiyicheng\thinkphp\lang\zh-cn.php
---------------------------------------------------------------
[ 2018-06-27T09:08:05+08:00 ] 127.0.0.1 GET www.shopping.com/tel_2.jpg
[运行时间：0.017000s] [吞吐率：58.82req/s] [内存消耗：926.36kb] [文件加载：50]
[ info ] [ LANG ] D:\phpServer\wwwroot\default\yiyicheng\thinkphp\lang\zh-cn.php
---------------------------------------------------------------
[ 2018-06-27T09:08:05+08:00 ] 127.0.0.1 GET www.shopping.com/tel_3.jpg
[运行时间：0.016000s] [吞吐率：62.50req/s] [内存消耗：926.36kb] [文件加载：50]
[ info ] [ LANG ] D:\phpServer\wwwroot\default\yiyicheng\thinkphp\lang\zh-cn.php
---------------------------------------------------------------
[ 2018-06-27T09:08:05+08:00 ] 127.0.0.1 GET www.shopping.com/tel_4.jpg
[运行时间：0.016000s] [吞吐率：62.50req/s] [内存消耗：926.36kb] [文件加载：50]
[ info ] [ LANG ] D:\phpServer\wwwroot\default\yiyicheng\thinkphp\lang\zh-cn.php
---------------------------------------------------------------
[ 2018-06-27T09:08:06+08:00 ] 127.0.0.1 GET www.shopping.com/tel_5.jpg
[运行时间：0.017000s] [吞吐率：58.82req/s] [内存消耗：926.36kb] [文件加载：50]
[ info ] [ LANG ] D:\phpServer\wwwroot\default\yiyicheng\thinkphp\lang\zh-cn.php
---------------------------------------------------------------
[ 2018-06-27T09:08:06+08:00 ] 127.0.0.1 GET www.shopping.com/tel_6.jpg
[运行时间：0.017000s] [吞吐率：58.82req/s] [内存消耗：926.36kb] [文件加载：50]
[ info ] [ LANG ] D:\phpServer\wwwroot\default\yiyicheng\thinkphp\lang\zh-cn.php
---------------------------------------------------------------
[ 2018-06-27T09:08:06+08:00 ] 127.0.0.1 GET www.shopping.com/food_1.jpg
[运行时间：0.016000s] [吞吐率：62.50req/s] [内存消耗：926.36kb] [文件加载：50]
[ info ] [ LANG ] D:\phpServer\wwwroot\default\yiyicheng\thinkphp\lang\zh-cn.php
---------------------------------------------------------------
[ 2018-06-27T09:08:07+08:00 ] 127.0.0.1 GET www.shopping.com/index/usera/user_index
[运行时间：0.125000s] [吞吐率：8.00req/s] [内存消耗：1,529.13kb] [文件加载：69]
[ info ] [ LANG ] D:\phpServer\wwwroot\default\yiyicheng\thinkphp\lang\zh-cn.php
[ info ] [ ROUTE ] array (
)
[ info ] [ HEADER ] array (
  'cookie' => 'PHPSESSID=pfgr9nj4pj3md8o87e54nce8fd',
  'accept-language' => 'zh-CN,zh;q=0.9',
  'accept-encoding' => 'gzip, deflate',
  'referer' => 'http://www.shopping.com/',
  'accept' => 'text/html,application/xhtml+xml,application/xml;q=0.9,image/webp,image/apng,*/*;q=0.8',
  'user-agent' => 'Mozilla/5.0 (Windows NT 6.1; WOW64) AppleWebKit/537.36 (KHTML, like Gecko) Chrome/66.0.3359.139 Safari/537.36',
  'upgrade-insecure-requests' => '1',
  'connection' => 'keep-alive',
  'host' => 'www.shopping.com',
  'content-length' => '',
  'content-type' => '',
)
[ info ] [ PARAM ] array (
)
[ info ] [ VIEW ] D:\phpServer\wwwroot\default\yiyicheng\application\index\view\usera\user_index.html [ array (
  0 => 'bades',
) ]
---------------------------------------------------------------
[ 2018-06-27T09:08:24+08:00 ] 127.0.0.1 POST www.shopping.com/index/usera/user_index
[运行时间：0.171000s] [吞吐率：5.85req/s] [内存消耗：2,267.48kb] [文件加载：74]
[ info ] [ LANG ] D:\phpServer\wwwroot\default\yiyicheng\thinkphp\lang\zh-cn.php
[ info ] [ ROUTE ] array (
)
[ info ] [ HEADER ] array (
  'cookie' => 'PHPSESSID=pfgr9nj4pj3md8o87e54nce8fd',
  'accept-language' => 'zh-CN,zh;q=0.9',
  'accept-encoding' => 'gzip, deflate',
  'referer' => 'http://www.shopping.com/index/usera/user_index',
  'content-type' => 'application/x-www-form-urlencoded; charset=UTF-8',
  'user-agent' => 'Mozilla/5.0 (Windows NT 6.1; WOW64) AppleWebKit/537.36 (KHTML, like Gecko) Chrome/66.0.3359.139 Safari/537.36',
  'x-requested-with' => 'XMLHttpRequest',
  'origin' => 'http://www.shopping.com',
  'accept' => '*/*',
  'content-length' => '44',
  'connection' => 'keep-alive',
  'host' => 'www.shopping.com',
)
[ info ] [ PARAM ] array (
  'user_name' => '张三',
  'user_pwd' => '555555',
)
[ info ] [ DB ] INIT mysql
[ sql ] [ DB ] CONNECT:[ UseTime:0.010000s ] mysql:host=127.0.0.1;port=3306;dbname=shopping;charset=utf8
[ sql ] [ SQL ] SHOW COLUMNS FROM `user` [ RunTime:0.079000s ]
[ sql ] [ SQL ] SELECT * FROM `user` WHERE  `user_name` = '张三' LIMIT 1 [ RunTime:0.034000s ]
---------------------------------------------------------------
[ 2018-06-27T09:08:25+08:00 ] 127.0.0.1 POST www.shopping.com/index/usera/user_index
[运行时间：0.048000s] [吞吐率：20.83req/s] [内存消耗：2,267.48kb] [文件加载：74]
[ info ] [ LANG ] D:\phpServer\wwwroot\default\yiyicheng\thinkphp\lang\zh-cn.php
[ info ] [ ROUTE ] array (
)
[ info ] [ HEADER ] array (
  'cookie' => 'PHPSESSID=pfgr9nj4pj3md8o87e54nce8fd',
  'accept-language' => 'zh-CN,zh;q=0.9',
  'accept-encoding' => 'gzip, deflate',
  'referer' => 'http://www.shopping.com/index/usera/user_index',
  'content-type' => 'application/x-www-form-urlencoded; charset=UTF-8',
  'user-agent' => 'Mozilla/5.0 (Windows NT 6.1; WOW64) AppleWebKit/537.36 (KHTML, like Gecko) Chrome/66.0.3359.139 Safari/537.36',
  'x-requested-with' => 'XMLHttpRequest',
  'origin' => 'http://www.shopping.com',
  'accept' => '*/*',
  'content-length' => '44',
  'connection' => 'keep-alive',
  'host' => 'www.shopping.com',
)
[ info ] [ PARAM ] array (
  'user_name' => '张三',
  'user_pwd' => '555555',
)
[ info ] [ DB ] INIT mysql
[ sql ] [ DB ] CONNECT:[ UseTime:0.010000s ] mysql:host=127.0.0.1;port=3306;dbname=shopping;charset=utf8
[ sql ] [ SQL ] SHOW COLUMNS FROM `user` [ RunTime:0.007000s ]
[ sql ] [ SQL ] SELECT * FROM `user` WHERE  `user_name` = '张三' LIMIT 1 [ RunTime:0.001000s ]
---------------------------------------------------------------
[ 2018-06-27T09:08:25+08:00 ] 127.0.0.1 POST www.shopping.com/index/usera/user_index
[运行时间：0.048000s] [吞吐率：20.83req/s] [内存消耗：2,267.48kb] [文件加载：74]
[ info ] [ LANG ] D:\phpServer\wwwroot\default\yiyicheng\thinkphp\lang\zh-cn.php
[ info ] [ ROUTE ] array (
)
[ info ] [ HEADER ] array (
  'cookie' => 'PHPSESSID=pfgr9nj4pj3md8o87e54nce8fd',
  'accept-language' => 'zh-CN,zh;q=0.9',
  'accept-encoding' => 'gzip, deflate',
  'referer' => 'http://www.shopping.com/index/usera/user_index',
  'content-type' => 'application/x-www-form-urlencoded; charset=UTF-8',
  'user-agent' => 'Mozilla/5.0 (Windows NT 6.1; WOW64) AppleWebKit/537.36 (KHTML, like Gecko) Chrome/66.0.3359.139 Safari/537.36',
  'x-requested-with' => 'XMLHttpRequest',
  'origin' => 'http://www.shopping.com',
  'accept' => '*/*',
  'content-length' => '44',
  'connection' => 'keep-alive',
  'host' => 'www.shopping.com',
)
[ info ] [ PARAM ] array (
  'user_name' => '张三',
  'user_pwd' => '555555',
)
[ info ] [ DB ] INIT mysql
[ sql ] [ DB ] CONNECT:[ UseTime:0.010000s ] mysql:host=127.0.0.1;port=3306;dbname=shopping;charset=utf8
[ sql ] [ SQL ] SHOW COLUMNS FROM `user` [ RunTime:0.007000s ]
[ sql ] [ SQL ] SELECT * FROM `user` WHERE  `user_name` = '张三' LIMIT 1 [ RunTime:0.001000s ]
---------------------------------------------------------------
[ 2018-06-27T09:08:42+08:00 ] 127.0.0.1 POST www.shopping.com/index/usera/user_index
[运行时间：0.047000s] [吞吐率：21.28req/s] [内存消耗：2,267.47kb] [文件加载：74]
[ info ] [ LANG ] D:\phpServer\wwwroot\default\yiyicheng\thinkphp\lang\zh-cn.php
[ info ] [ ROUTE ] array (
)
[ info ] [ HEADER ] array (
  'cookie' => 'PHPSESSID=pfgr9nj4pj3md8o87e54nce8fd',
  'accept-language' => 'zh-CN,zh;q=0.9',
  'accept-encoding' => 'gzip, deflate',
  'referer' => 'http://www.shopping.com/index/usera/user_index',
  'content-type' => 'application/x-www-form-urlencoded; charset=UTF-8',
  'user-agent' => 'Mozilla/5.0 (Windows NT 6.1; WOW64) AppleWebKit/537.36 (KHTML, like Gecko) Chrome/66.0.3359.139 Safari/537.36',
  'x-requested-with' => 'XMLHttpRequest',
  'origin' => 'http://www.shopping.com',
  'accept' => '*/*',
  'content-length' => '34',
  'connection' => 'keep-alive',
  'host' => 'www.shopping.com',
)
[ info ] [ PARAM ] array (
  'user_name' => 'thinkphp',
  'user_pwd' => '777777',
)
[ info ] [ DB ] INIT mysql
[ sql ] [ DB ] CONNECT:[ UseTime:0.010000s ] mysql:host=127.0.0.1;port=3306;dbname=shopping;charset=utf8
[ sql ] [ SQL ] SHOW COLUMNS FROM `user` [ RunTime:0.007000s ]
[ sql ] [ SQL ] SELECT * FROM `user` WHERE  `user_name` = 'thinkphp' LIMIT 1 [ RunTime:0.001000s ]
---------------------------------------------------------------
[ 2018-06-27T09:08:43+08:00 ] 127.0.0.1 POST www.shopping.com/index/usera/user_index
[运行时间：0.047000s] [吞吐率：21.28req/s] [内存消耗：2,267.47kb] [文件加载：74]
[ info ] [ LANG ] D:\phpServer\wwwroot\default\yiyicheng\thinkphp\lang\zh-cn.php
[ info ] [ ROUTE ] array (
)
[ info ] [ HEADER ] array (
  'cookie' => 'PHPSESSID=pfgr9nj4pj3md8o87e54nce8fd',
  'accept-language' => 'zh-CN,zh;q=0.9',
  'accept-encoding' => 'gzip, deflate',
  'referer' => 'http://www.shopping.com/index/usera/user_index',
  'content-type' => 'application/x-www-form-urlencoded; charset=UTF-8',
  'user-agent' => 'Mozilla/5.0 (Windows NT 6.1; WOW64) AppleWebKit/537.36 (KHTML, like Gecko) Chrome/66.0.3359.139 Safari/537.36',
  'x-requested-with' => 'XMLHttpRequest',
  'origin' => 'http://www.shopping.com',
  'accept' => '*/*',
  'content-length' => '34',
  'connection' => 'keep-alive',
  'host' => 'www.shopping.com',
)
[ info ] [ PARAM ] array (
  'user_name' => 'thinkphp',
  'user_pwd' => '777777',
)
[ info ] [ DB ] INIT mysql
[ sql ] [ DB ] CONNECT:[ UseTime:0.010000s ] mysql:host=127.0.0.1;port=3306;dbname=shopping;charset=utf8
[ sql ] [ SQL ] SHOW COLUMNS FROM `user` [ RunTime:0.007000s ]
[ sql ] [ SQL ] SELECT * FROM `user` WHERE  `user_name` = 'thinkphp' LIMIT 1 [ RunTime:0.001000s ]
---------------------------------------------------------------
[ 2018-06-27T09:08:43+08:00 ] 127.0.0.1 POST www.shopping.com/index/usera/user_index
[运行时间：0.047000s] [吞吐率：21.28req/s] [内存消耗：2,267.47kb] [文件加载：74]
[ info ] [ LANG ] D:\phpServer\wwwroot\default\yiyicheng\thinkphp\lang\zh-cn.php
[ info ] [ ROUTE ] array (
)
[ info ] [ HEADER ] array (
  'cookie' => 'PHPSESSID=pfgr9nj4pj3md8o87e54nce8fd',
  'accept-language' => 'zh-CN,zh;q=0.9',
  'accept-encoding' => 'gzip, deflate',
  'referer' => 'http://www.shopping.com/index/usera/user_index',
  'content-type' => 'application/x-www-form-urlencoded; charset=UTF-8',
  'user-agent' => 'Mozilla/5.0 (Windows NT 6.1; WOW64) AppleWebKit/537.36 (KHTML, like Gecko) Chrome/66.0.3359.139 Safari/537.36',
  'x-requested-with' => 'XMLHttpRequest',
  'origin' => 'http://www.shopping.com',
  'accept' => '*/*',
  'content-length' => '34',
  'connection' => 'keep-alive',
  'host' => 'www.shopping.com',
)
[ info ] [ PARAM ] array (
  'user_name' => 'thinkphp',
  'user_pwd' => '777777',
)
[ info ] [ DB ] INIT mysql
[ sql ] [ DB ] CONNECT:[ UseTime:0.010000s ] mysql:host=127.0.0.1;port=3306;dbname=shopping;charset=utf8
[ sql ] [ SQL ] SHOW COLUMNS FROM `user` [ RunTime:0.007000s ]
[ sql ] [ SQL ] SELECT * FROM `user` WHERE  `user_name` = 'thinkphp' LIMIT 1 [ RunTime:0.001000s ]
---------------------------------------------------------------
[ 2018-06-27T09:09:07+08:00 ] 127.0.0.1 GET www.shopping.com/index/usera/user_index
[运行时间：0.027000s] [吞吐率：37.04req/s] [内存消耗：1,529.44kb] [文件加载：69]
[ info ] [ LANG ] D:\phpServer\wwwroot\default\yiyicheng\thinkphp\lang\zh-cn.php
[ info ] [ ROUTE ] array (
)
[ info ] [ HEADER ] array (
  'cookie' => 'PHPSESSID=pfgr9nj4pj3md8o87e54nce8fd',
  'accept-language' => 'zh-CN,zh;q=0.9',
  'accept-encoding' => 'gzip, deflate',
  'referer' => 'http://www.shopping.com/',
  'accept' => 'text/html,application/xhtml+xml,application/xml;q=0.9,image/webp,image/apng,*/*;q=0.8',
  'user-agent' => 'Mozilla/5.0 (Windows NT 6.1; WOW64) AppleWebKit/537.36 (KHTML, like Gecko) Chrome/66.0.3359.139 Safari/537.36',
  'upgrade-insecure-requests' => '1',
  'cache-control' => 'max-age=0',
  'connection' => 'keep-alive',
  'host' => 'www.shopping.com',
  'content-length' => '',
  'content-type' => '',
)
[ info ] [ PARAM ] array (
)
[ info ] [ VIEW ] D:\phpServer\wwwroot\default\yiyicheng\application\index\view\usera\user_index.html [ array (
  0 => 'bades',
) ]
---------------------------------------------------------------
[ 2018-06-27T09:09:19+08:00 ] 127.0.0.1 POST www.shopping.com/index/usera/user_index
[运行时间：0.046000s] [吞吐率：21.74req/s] [内存消耗：2,267.47kb] [文件加载：74]
[ info ] [ LANG ] D:\phpServer\wwwroot\default\yiyicheng\thinkphp\lang\zh-cn.php
[ info ] [ ROUTE ] array (
)
[ info ] [ HEADER ] array (
  'cookie' => 'PHPSESSID=pfgr9nj4pj3md8o87e54nce8fd',
  'accept-language' => 'zh-CN,zh;q=0.9',
  'accept-encoding' => 'gzip, deflate',
  'referer' => 'http://www.shopping.com/index/usera/user_index',
  'content-type' => 'application/x-www-form-urlencoded; charset=UTF-8',
  'user-agent' => 'Mozilla/5.0 (Windows NT 6.1; WOW64) AppleWebKit/537.36 (KHTML, like Gecko) Chrome/66.0.3359.139 Safari/537.36',
  'x-requested-with' => 'XMLHttpRequest',
  'origin' => 'http://www.shopping.com',
  'accept' => '*/*',
  'content-length' => '33',
  'connection' => 'keep-alive',
  'host' => 'www.shopping.com',
)
[ info ] [ PARAM ] array (
  'user_name' => 'thinkphp',
  'user_pwd' => 'ddddd',
)
[ info ] [ DB ] INIT mysql
[ sql ] [ DB ] CONNECT:[ UseTime:0.010000s ] mysql:host=127.0.0.1;port=3306;dbname=shopping;charset=utf8
[ sql ] [ SQL ] SHOW COLUMNS FROM `user` [ RunTime:0.007000s ]
[ sql ] [ SQL ] SELECT * FROM `user` WHERE  `user_name` = 'thinkphp' LIMIT 1 [ RunTime:0.001000s ]
---------------------------------------------------------------
[ 2018-06-27T09:09:19+08:00 ] 127.0.0.1 POST www.shopping.com/index/usera/user_index
[运行时间：0.045000s] [吞吐率：22.22req/s] [内存消耗：2,267.47kb] [文件加载：74]
[ info ] [ LANG ] D:\phpServer\wwwroot\default\yiyicheng\thinkphp\lang\zh-cn.php
[ info ] [ ROUTE ] array (
)
[ info ] [ HEADER ] array (
  'cookie' => 'PHPSESSID=pfgr9nj4pj3md8o87e54nce8fd',
  'accept-language' => 'zh-CN,zh;q=0.9',
  'accept-encoding' => 'gzip, deflate',
  'referer' => 'http://www.shopping.com/index/usera/user_index',
  'content-type' => 'application/x-www-form-urlencoded; charset=UTF-8',
  'user-agent' => 'Mozilla/5.0 (Windows NT 6.1; WOW64) AppleWebKit/537.36 (KHTML, like Gecko) Chrome/66.0.3359.139 Safari/537.36',
  'x-requested-with' => 'XMLHttpRequest',
  'origin' => 'http://www.shopping.com',
  'accept' => '*/*',
  'content-length' => '33',
  'connection' => 'keep-alive',
  'host' => 'www.shopping.com',
)
[ info ] [ PARAM ] array (
  'user_name' => 'thinkphp',
  'user_pwd' => 'ddddd',
)
[ info ] [ DB ] INIT mysql
[ sql ] [ DB ] CONNECT:[ UseTime:0.010000s ] mysql:host=127.0.0.1;port=3306;dbname=shopping;charset=utf8
[ sql ] [ SQL ] SHOW COLUMNS FROM `user` [ RunTime:0.007000s ]
[ sql ] [ SQL ] SELECT * FROM `user` WHERE  `user_name` = 'thinkphp' LIMIT 1 [ RunTime:0.000000s ]
---------------------------------------------------------------
[ 2018-06-27T09:09:44+08:00 ] 127.0.0.1 GET www.shopping.com/index/usera/user_index
[运行时间：0.029000s] [吞吐率：34.48req/s] [内存消耗：1,529.44kb] [文件加载：69]
[ info ] [ LANG ] D:\phpServer\wwwroot\default\yiyicheng\thinkphp\lang\zh-cn.php
[ info ] [ ROUTE ] array (
)
[ info ] [ HEADER ] array (
  'cookie' => 'PHPSESSID=pfgr9nj4pj3md8o87e54nce8fd',
  'accept-language' => 'zh-CN,zh;q=0.9',
  'accept-encoding' => 'gzip, deflate',
  'referer' => 'http://www.shopping.com/',
  'accept' => 'text/html,application/xhtml+xml,application/xml;q=0.9,image/webp,image/apng,*/*;q=0.8',
  'user-agent' => 'Mozilla/5.0 (Windows NT 6.1; WOW64) AppleWebKit/537.36 (KHTML, like Gecko) Chrome/66.0.3359.139 Safari/537.36',
  'upgrade-insecure-requests' => '1',
  'cache-control' => 'max-age=0',
  'connection' => 'keep-alive',
  'host' => 'www.shopping.com',
  'content-length' => '',
  'content-type' => '',
)
[ info ] [ PARAM ] array (
)
[ info ] [ VIEW ] D:\phpServer\wwwroot\default\yiyicheng\application\index\view\usera\user_index.html [ array (
  0 => 'bades',
) ]
---------------------------------------------------------------
[ 2018-06-27T09:09:51+08:00 ] 127.0.0.1 POST www.shopping.com/index/usera/user_index
[运行时间：0.046000s] [吞吐率：21.74req/s] [内存消耗：2,267.48kb] [文件加载：74]
[ info ] [ LANG ] D:\phpServer\wwwroot\default\yiyicheng\thinkphp\lang\zh-cn.php
[ info ] [ ROUTE ] array (
)
[ info ] [ HEADER ] array (
  'cookie' => 'PHPSESSID=pfgr9nj4pj3md8o87e54nce8fd',
  'accept-language' => 'zh-CN,zh;q=0.9',
  'accept-encoding' => 'gzip, deflate',
  'referer' => 'http://www.shopping.com/index/usera/user_index',
  'content-type' => 'application/x-www-form-urlencoded; charset=UTF-8',
  'user-agent' => 'Mozilla/5.0 (Windows NT 6.1; WOW64) AppleWebKit/537.36 (KHTML, like Gecko) Chrome/66.0.3359.139 Safari/537.36',
  'x-requested-with' => 'XMLHttpRequest',
  'origin' => 'http://www.shopping.com',
  'accept' => '*/*',
  'content-length' => '44',
  'connection' => 'keep-alive',
  'host' => 'www.shopping.com',
)
[ info ] [ PARAM ] array (
  'user_name' => '张三',
  'user_pwd' => 'dddddd',
)
[ info ] [ DB ] INIT mysql
[ sql ] [ DB ] CONNECT:[ UseTime:0.010000s ] mysql:host=127.0.0.1;port=3306;dbname=shopping;charset=utf8
[ sql ] [ SQL ] SHOW COLUMNS FROM `user` [ RunTime:0.007000s ]
[ sql ] [ SQL ] SELECT * FROM `user` WHERE  `user_name` = '张三' LIMIT 1 [ RunTime:0.001000s ]
---------------------------------------------------------------
[ 2018-06-27T09:09:51+08:00 ] 127.0.0.1 POST www.shopping.com/index/usera/user_index
[运行时间：0.048000s] [吞吐率：20.83req/s] [内存消耗：2,267.48kb] [文件加载：74]
[ info ] [ LANG ] D:\phpServer\wwwroot\default\yiyicheng\thinkphp\lang\zh-cn.php
[ info ] [ ROUTE ] array (
)
[ info ] [ HEADER ] array (
  'cookie' => 'PHPSESSID=pfgr9nj4pj3md8o87e54nce8fd',
  'accept-language' => 'zh-CN,zh;q=0.9',
  'accept-encoding' => 'gzip, deflate',
  'referer' => 'http://www.shopping.com/index/usera/user_index',
  'content-type' => 'application/x-www-form-urlencoded; charset=UTF-8',
  'user-agent' => 'Mozilla/5.0 (Windows NT 6.1; WOW64) AppleWebKit/537.36 (KHTML, like Gecko) Chrome/66.0.3359.139 Safari/537.36',
  'x-requested-with' => 'XMLHttpRequest',
  'origin' => 'http://www.shopping.com',
  'accept' => '*/*',
  'content-length' => '44',
  'connection' => 'keep-alive',
  'host' => 'www.shopping.com',
)
[ info ] [ PARAM ] array (
  'user_name' => '张三',
  'user_pwd' => 'dddddd',
)
[ info ] [ DB ] INIT mysql
[ sql ] [ DB ] CONNECT:[ UseTime:0.010000s ] mysql:host=127.0.0.1;port=3306;dbname=shopping;charset=utf8
[ sql ] [ SQL ] SHOW COLUMNS FROM `user` [ RunTime:0.009000s ]
[ sql ] [ SQL ] SELECT * FROM `user` WHERE  `user_name` = '张三' LIMIT 1 [ RunTime:0.001000s ]
---------------------------------------------------------------
[ 2018-06-27T09:09:59+08:00 ] 127.0.0.1 POST www.shopping.com/index/usera/user_index
[运行时间：0.041000s] [吞吐率：24.39req/s] [内存消耗：2,267.47kb] [文件加载：74]
[ info ] [ LANG ] D:\phpServer\wwwroot\default\yiyicheng\thinkphp\lang\zh-cn.php
[ info ] [ ROUTE ] array (
)
[ info ] [ HEADER ] array (
  'cookie' => 'PHPSESSID=pfgr9nj4pj3md8o87e54nce8fd',
  'accept-language' => 'zh-CN,zh;q=0.9',
  'accept-encoding' => 'gzip, deflate',
  'referer' => 'http://www.shopping.com/index/usera/user_index',
  'content-type' => 'application/x-www-form-urlencoded; charset=UTF-8',
  'user-agent' => 'Mozilla/5.0 (Windows NT 6.1; WOW64) AppleWebKit/537.36 (KHTML, like Gecko) Chrome/66.0.3359.139 Safari/537.36',
  'x-requested-with' => 'XMLHttpRequest',
  'origin' => 'http://www.shopping.com',
  'accept' => '*/*',
  'content-length' => '34',
  'connection' => 'keep-alive',
  'host' => 'www.shopping.com',
)
[ info ] [ PARAM ] array (
  'user_name' => 'thinkphp',
  'user_pwd' => 'dddddd',
)
[ info ] [ DB ] INIT mysql
[ sql ] [ DB ] CONNECT:[ UseTime:0.000000s ] mysql:host=127.0.0.1;port=3306;dbname=shopping;charset=utf8
[ sql ] [ SQL ] SHOW COLUMNS FROM `user` [ RunTime:0.010000s ]
[ sql ] [ SQL ] SELECT * FROM `user` WHERE  `user_name` = 'thinkphp' LIMIT 1 [ RunTime:0.001000s ]
---------------------------------------------------------------
[ 2018-06-27T09:09:59+08:00 ] 127.0.0.1 POST www.shopping.com/index/usera/user_index
[运行时间：0.040000s] [吞吐率：25.00req/s] [内存消耗：2,267.47kb] [文件加载：74]
[ info ] [ LANG ] D:\phpServer\wwwroot\default\yiyicheng\thinkphp\lang\zh-cn.php
[ info ] [ ROUTE ] array (
)
[ info ] [ HEADER ] array (
  'cookie' => 'PHPSESSID=pfgr9nj4pj3md8o87e54nce8fd',
  'accept-language' => 'zh-CN,zh;q=0.9',
  'accept-encoding' => 'gzip, deflate',
  'referer' => 'http://www.shopping.com/index/usera/user_index',
  'content-type' => 'application/x-www-form-urlencoded; charset=UTF-8',
  'user-agent' => 'Mozilla/5.0 (Windows NT 6.1; WOW64) AppleWebKit/537.36 (KHTML, like Gecko) Chrome/66.0.3359.139 Safari/537.36',
  'x-requested-with' => 'XMLHttpRequest',
  'origin' => 'http://www.shopping.com',
  'accept' => '*/*',
  'content-length' => '34',
  'connection' => 'keep-alive',
  'host' => 'www.shopping.com',
)
[ info ] [ PARAM ] array (
  'user_name' => 'thinkphp',
  'user_pwd' => 'dddddd',
)
[ info ] [ DB ] INIT mysql
[ sql ] [ DB ] CONNECT:[ UseTime:0.001000s ] mysql:host=127.0.0.1;port=3306;dbname=shopping;charset=utf8
[ sql ] [ SQL ] SHOW COLUMNS FROM `user` [ RunTime:0.010000s ]
[ sql ] [ SQL ] SELECT * FROM `user` WHERE  `user_name` = 'thinkphp' LIMIT 1 [ RunTime:0.000000s ]
---------------------------------------------------------------
[ 2018-06-27T09:10:00+08:00 ] 127.0.0.1 POST www.shopping.com/index/usera/user_index
[运行时间：0.042000s] [吞吐率：23.81req/s] [内存消耗：2,267.47kb] [文件加载：74]
[ info ] [ LANG ] D:\phpServer\wwwroot\default\yiyicheng\thinkphp\lang\zh-cn.php
[ info ] [ ROUTE ] array (
)
[ info ] [ HEADER ] array (
  'cookie' => 'PHPSESSID=pfgr9nj4pj3md8o87e54nce8fd',
  'accept-language' => 'zh-CN,zh;q=0.9',
  'accept-encoding' => 'gzip, deflate',
  'referer' => 'http://www.shopping.com/index/usera/user_index',
  'content-type' => 'application/x-www-form-urlencoded; charset=UTF-8',
  'user-agent' => 'Mozilla/5.0 (Windows NT 6.1; WOW64) AppleWebKit/537.36 (KHTML, like Gecko) Chrome/66.0.3359.139 Safari/537.36',
  'x-requested-with' => 'XMLHttpRequest',
  'origin' => 'http://www.shopping.com',
  'accept' => '*/*',
  'content-length' => '34',
  'connection' => 'keep-alive',
  'host' => 'www.shopping.com',
)
[ info ] [ PARAM ] array (
  'user_name' => 'thinkphp',
  'user_pwd' => 'dddddd',
)
[ info ] [ DB ] INIT mysql
[ sql ] [ DB ] CONNECT:[ UseTime:0.000000s ] mysql:host=127.0.0.1;port=3306;dbname=shopping;charset=utf8
[ sql ] [ SQL ] SHOW COLUMNS FROM `user` [ RunTime:0.009000s ]
[ sql ] [ SQL ] SELECT * FROM `user` WHERE  `user_name` = 'thinkphp' LIMIT 1 [ RunTime:0.000000s ]
---------------------------------------------------------------
[ 2018-06-27T09:10:02+08:00 ] 127.0.0.1 POST www.shopping.com/index/usera/user_index
[运行时间：0.048000s] [吞吐率：20.83req/s] [内存消耗：2,267.47kb] [文件加载：74]
[ info ] [ LANG ] D:\phpServer\wwwroot\default\yiyicheng\thinkphp\lang\zh-cn.php
[ info ] [ ROUTE ] array (
)
[ info ] [ HEADER ] array (
  'cookie' => 'PHPSESSID=pfgr9nj4pj3md8o87e54nce8fd',
  'accept-language' => 'zh-CN,zh;q=0.9',
  'accept-encoding' => 'gzip, deflate',
  'referer' => 'http://www.shopping.com/index/usera/user_index',
  'content-type' => 'application/x-www-form-urlencoded; charset=UTF-8',
  'user-agent' => 'Mozilla/5.0 (Windows NT 6.1; WOW64) AppleWebKit/537.36 (KHTML, like Gecko) Chrome/66.0.3359.139 Safari/537.36',
  'x-requested-with' => 'XMLHttpRequest',
  'origin' => 'http://www.shopping.com',
  'accept' => '*/*',
  'content-length' => '34',
  'connection' => 'keep-alive',
  'host' => 'www.shopping.com',
)
[ info ] [ PARAM ] array (
  'user_name' => 'thinkphp',
  'user_pwd' => 'dddddd',
)
[ info ] [ DB ] INIT mysql
[ sql ] [ DB ] CONNECT:[ UseTime:0.010000s ] mysql:host=127.0.0.1;port=3306;dbname=shopping;charset=utf8
[ sql ] [ SQL ] SHOW COLUMNS FROM `user` [ RunTime:0.008000s ]
[ sql ] [ SQL ] SELECT * FROM `user` WHERE  `user_name` = 'thinkphp' LIMIT 1 [ RunTime:0.001000s ]
---------------------------------------------------------------
[ 2018-06-27T09:10:03+08:00 ] 127.0.0.1 POST www.shopping.com/index/usera/user_index
[运行时间：0.039000s] [吞吐率：25.64req/s] [内存消耗：2,267.47kb] [文件加载：74]
[ info ] [ LANG ] D:\phpServer\wwwroot\default\yiyicheng\thinkphp\lang\zh-cn.php
[ info ] [ ROUTE ] array (
)
[ info ] [ HEADER ] array (
  'cookie' => 'PHPSESSID=pfgr9nj4pj3md8o87e54nce8fd',
  'accept-language' => 'zh-CN,zh;q=0.9',
  'accept-encoding' => 'gzip, deflate',
  'referer' => 'http://www.shopping.com/index/usera/user_index',
  'content-type' => 'application/x-www-form-urlencoded; charset=UTF-8',
  'user-agent' => 'Mozilla/5.0 (Windows NT 6.1; WOW64) AppleWebKit/537.36 (KHTML, like Gecko) Chrome/66.0.3359.139 Safari/537.36',
  'x-requested-with' => 'XMLHttpRequest',
  'origin' => 'http://www.shopping.com',
  'accept' => '*/*',
  'content-length' => '34',
  'connection' => 'keep-alive',
  'host' => 'www.shopping.com',
)
[ info ] [ PARAM ] array (
  'user_name' => 'thinkphp',
  'user_pwd' => 'dddddd',
)
[ info ] [ DB ] INIT mysql
[ sql ] [ DB ] CONNECT:[ UseTime:0.000000s ] mysql:host=127.0.0.1;port=3306;dbname=shopping;charset=utf8
[ sql ] [ SQL ] SHOW COLUMNS FROM `user` [ RunTime:0.008000s ]
[ sql ] [ SQL ] SELECT * FROM `user` WHERE  `user_name` = 'thinkphp' LIMIT 1 [ RunTime:0.000000s ]
---------------------------------------------------------------
[ 2018-06-27T09:10:09+08:00 ] 127.0.0.1 GET www.shopping.com/index/usera/user_index
[运行时间：0.032000s] [吞吐率：31.25req/s] [内存消耗：1,529.44kb] [文件加载：69]
[ info ] [ LANG ] D:\phpServer\wwwroot\default\yiyicheng\thinkphp\lang\zh-cn.php
[ info ] [ ROUTE ] array (
)
[ info ] [ HEADER ] array (
  'cookie' => 'PHPSESSID=pfgr9nj4pj3md8o87e54nce8fd',
  'accept-language' => 'zh-CN,zh;q=0.9',
  'accept-encoding' => 'gzip, deflate',
  'referer' => 'http://www.shopping.com/',
  'accept' => 'text/html,application/xhtml+xml,application/xml;q=0.9,image/webp,image/apng,*/*;q=0.8',
  'user-agent' => 'Mozilla/5.0 (Windows NT 6.1; WOW64) AppleWebKit/537.36 (KHTML, like Gecko) Chrome/66.0.3359.139 Safari/537.36',
  'upgrade-insecure-requests' => '1',
  'cache-control' => 'max-age=0',
  'connection' => 'keep-alive',
  'host' => 'www.shopping.com',
  'content-length' => '',
  'content-type' => '',
)
[ info ] [ PARAM ] array (
)
[ info ] [ VIEW ] D:\phpServer\wwwroot\default\yiyicheng\application\index\view\usera\user_index.html [ array (
  0 => 'bades',
) ]
---------------------------------------------------------------
[ 2018-06-27T09:10:16+08:00 ] 127.0.0.1 POST www.shopping.com/index/usera/user_index
[运行时间：0.037000s] [吞吐率：27.03req/s] [内存消耗：2,267.47kb] [文件加载：74]
[ info ] [ LANG ] D:\phpServer\wwwroot\default\yiyicheng\thinkphp\lang\zh-cn.php
[ info ] [ ROUTE ] array (
)
[ info ] [ HEADER ] array (
  'cookie' => 'PHPSESSID=pfgr9nj4pj3md8o87e54nce8fd',
  'accept-language' => 'zh-CN,zh;q=0.9',
  'accept-encoding' => 'gzip, deflate',
  'referer' => 'http://www.shopping.com/index/usera/user_index',
  'content-type' => 'application/x-www-form-urlencoded; charset=UTF-8',
  'user-agent' => 'Mozilla/5.0 (Windows NT 6.1; WOW64) AppleWebKit/537.36 (KHTML, like Gecko) Chrome/66.0.3359.139 Safari/537.36',
  'x-requested-with' => 'XMLHttpRequest',
  'origin' => 'http://www.shopping.com',
  'accept' => '*/*',
  'content-length' => '33',
  'connection' => 'keep-alive',
  'host' => 'www.shopping.com',
)
[ info ] [ PARAM ] array (
  'user_name' => 'thinkphp',
  'user_pwd' => 'ddddd',
)
[ info ] [ DB ] INIT mysql
[ sql ] [ DB ] CONNECT:[ UseTime:0.001000s ] mysql:host=127.0.0.1;port=3306;dbname=shopping;charset=utf8
[ sql ] [ SQL ] SHOW COLUMNS FROM `user` [ RunTime:0.007000s ]
[ sql ] [ SQL ] SELECT * FROM `user` WHERE  `user_name` = 'thinkphp' LIMIT 1 [ RunTime:0.001000s ]
---------------------------------------------------------------
[ 2018-06-27T09:10:16+08:00 ] 127.0.0.1 POST www.shopping.com/index/usera/user_index
[运行时间：0.048000s] [吞吐率：20.83req/s] [内存消耗：2,267.47kb] [文件加载：74]
[ info ] [ LANG ] D:\phpServer\wwwroot\default\yiyicheng\thinkphp\lang\zh-cn.php
[ info ] [ ROUTE ] array (
)
[ info ] [ HEADER ] array (
  'cookie' => 'PHPSESSID=pfgr9nj4pj3md8o87e54nce8fd',
  'accept-language' => 'zh-CN,zh;q=0.9',
  'accept-encoding' => 'gzip, deflate',
  'referer' => 'http://www.shopping.com/index/usera/user_index',
  'content-type' => 'application/x-www-form-urlencoded; charset=UTF-8',
  'user-agent' => 'Mozilla/5.0 (Windows NT 6.1; WOW64) AppleWebKit/537.36 (KHTML, like Gecko) Chrome/66.0.3359.139 Safari/537.36',
  'x-requested-with' => 'XMLHttpRequest',
  'origin' => 'http://www.shopping.com',
  'accept' => '*/*',
  'content-length' => '33',
  'connection' => 'keep-alive',
  'host' => 'www.shopping.com',
)
[ info ] [ PARAM ] array (
  'user_name' => 'thinkphp',
  'user_pwd' => 'ddddd',
)
[ info ] [ DB ] INIT mysql
[ sql ] [ DB ] CONNECT:[ UseTime:0.010000s ] mysql:host=127.0.0.1;port=3306;dbname=shopping;charset=utf8
[ sql ] [ SQL ] SHOW COLUMNS FROM `user` [ RunTime:0.009000s ]
[ sql ] [ SQL ] SELECT * FROM `user` WHERE  `user_name` = 'thinkphp' LIMIT 1 [ RunTime:0.000000s ]
---------------------------------------------------------------
[ 2018-06-27T09:10:17+08:00 ] 127.0.0.1 POST www.shopping.com/index/usera/user_index
[运行时间：0.047000s] [吞吐率：21.28req/s] [内存消耗：2,267.47kb] [文件加载：74]
[ info ] [ LANG ] D:\phpServer\wwwroot\default\yiyicheng\thinkphp\lang\zh-cn.php
[ info ] [ ROUTE ] array (
)
[ info ] [ HEADER ] array (
  'cookie' => 'PHPSESSID=pfgr9nj4pj3md8o87e54nce8fd',
  'accept-language' => 'zh-CN,zh;q=0.9',
  'accept-encoding' => 'gzip, deflate',
  'referer' => 'http://www.shopping.com/index/usera/user_index',
  'content-type' => 'application/x-www-form-urlencoded; charset=UTF-8',
  'user-agent' => 'Mozilla/5.0 (Windows NT 6.1; WOW64) AppleWebKit/537.36 (KHTML, like Gecko) Chrome/66.0.3359.139 Safari/537.36',
  'x-requested-with' => 'XMLHttpRequest',
  'origin' => 'http://www.shopping.com',
  'accept' => '*/*',
  'content-length' => '33',
  'connection' => 'keep-alive',
  'host' => 'www.shopping.com',
)
[ info ] [ PARAM ] array (
  'user_name' => 'thinkphp',
  'user_pwd' => 'ddddd',
)
[ info ] [ DB ] INIT mysql
[ sql ] [ DB ] CONNECT:[ UseTime:0.000000s ] mysql:host=127.0.0.1;port=3306;dbname=shopping;charset=utf8
[ sql ] [ SQL ] SHOW COLUMNS FROM `user` [ RunTime:0.008000s ]
[ sql ] [ SQL ] SELECT * FROM `user` WHERE  `user_name` = 'thinkphp' LIMIT 1 [ RunTime:0.001000s ]
---------------------------------------------------------------
[ 2018-06-27T09:13:16+08:00 ] 127.0.0.1 GET www.shopping.com/index/usera/user_index
[运行时间：0.037000s] [吞吐率：27.03req/s] [内存消耗：1,529.44kb] [文件加载：69]
[ info ] [ LANG ] D:\phpServer\wwwroot\default\yiyicheng\thinkphp\lang\zh-cn.php
[ info ] [ ROUTE ] array (
)
[ info ] [ HEADER ] array (
  'cookie' => 'PHPSESSID=pfgr9nj4pj3md8o87e54nce8fd',
  'accept-language' => 'zh-CN,zh;q=0.9',
  'accept-encoding' => 'gzip, deflate',
  'referer' => 'http://www.shopping.com/',
  'accept' => 'text/html,application/xhtml+xml,application/xml;q=0.9,image/webp,image/apng,*/*;q=0.8',
  'user-agent' => 'Mozilla/5.0 (Windows NT 6.1; WOW64) AppleWebKit/537.36 (KHTML, like Gecko) Chrome/66.0.3359.139 Safari/537.36',
  'upgrade-insecure-requests' => '1',
  'cache-control' => 'max-age=0',
  'connection' => 'keep-alive',
  'host' => 'www.shopping.com',
  'content-length' => '',
  'content-type' => '',
)
[ info ] [ PARAM ] array (
)
[ info ] [ VIEW ] D:\phpServer\wwwroot\default\yiyicheng\application\index\view\usera\user_index.html [ array (
  0 => 'bades',
) ]
---------------------------------------------------------------
[ 2018-06-27T09:13:35+08:00 ] 127.0.0.1 POST www.shopping.com/index/usera/user_index
[运行时间：0.047000s] [吞吐率：21.28req/s] [内存消耗：2,267.47kb] [文件加载：74]
[ info ] [ LANG ] D:\phpServer\wwwroot\default\yiyicheng\thinkphp\lang\zh-cn.php
[ info ] [ ROUTE ] array (
)
[ info ] [ HEADER ] array (
  'cookie' => 'PHPSESSID=pfgr9nj4pj3md8o87e54nce8fd',
  'accept-language' => 'zh-CN,zh;q=0.9',
  'accept-encoding' => 'gzip, deflate',
  'referer' => 'http://www.shopping.com/index/usera/user_index',
  'content-type' => 'application/x-www-form-urlencoded; charset=UTF-8',
  'user-agent' => 'Mozilla/5.0 (Windows NT 6.1; WOW64) AppleWebKit/537.36 (KHTML, like Gecko) Chrome/66.0.3359.139 Safari/537.36',
  'x-requested-with' => 'XMLHttpRequest',
  'origin' => 'http://www.shopping.com',
  'accept' => '*/*',
  'content-length' => '35',
  'connection' => 'keep-alive',
  'host' => 'www.shopping.com',
)
[ info ] [ PARAM ] array (
  'user_name' => 'thinkphp',
  'user_pwd' => 'ddddddd',
)
[ info ] [ DB ] INIT mysql
[ sql ] [ DB ] CONNECT:[ UseTime:0.001000s ] mysql:host=127.0.0.1;port=3306;dbname=shopping;charset=utf8
[ sql ] [ SQL ] SHOW COLUMNS FROM `user` [ RunTime:0.007000s ]
[ sql ] [ SQL ] SELECT * FROM `user` WHERE  `user_name` = 'thinkphp' LIMIT 1 [ RunTime:0.001000s ]
